  ConsoleApplication1.cpp
c:\users\snrt.admin\source\repos\consoleapplication1\consoleapplication1\consoleapplication1.cpp(187): warning C4293: '<<': shift count negative or too big, undefined behavior
c:\users\snrt.admin\source\repos\consoleapplication1\consoleapplication1\consoleapplication1.cpp(188): warning C4293: '<<': shift count negative or too big, undefined behavior
c:\users\snrt.admin\source\repos\consoleapplication1\consoleapplication1\consoleapplication1.cpp(189): warning C4293: '<<': shift count negative or too big, undefined behavior
c:\users\snrt.admin\source\repos\consoleapplication1\consoleapplication1\consoleapplication1.cpp(190): warning C4293: '<<': shift count negative or too big, undefined behavior
c:\users\snrt.admin\source\repos\consoleapplication1\consoleapplication1\consoleapplication1.cpp(196): warning C4293: '<<': shift count negative or too big, undefined behavior
c:\users\snrt.admin\source\repos\consoleapplication1\consoleapplication1\consoleapplication1.cpp(197): warning C4293: '<<': shift count negative or too big, undefined behavior
c:\users\snrt.admin\source\repos\consoleapplication1\consoleapplication1\consoleapplication1.cpp(198): warning C4293: '<<': shift count negative or too big, undefined behavior
c:\users\snrt.admin\source\repos\consoleapplication1\consoleapplication1\consoleapplication1.cpp(199): warning C4293: '<<': shift count negative or too big, undefined behavior
c:\users\snrt.admin\source\repos\consoleapplication1\consoleapplication1\consoleapplication1.cpp(218): warning C4293: '<<': shift count negative or too big, undefined behavior
c:\users\snrt.admin\source\repos\consoleapplication1\consoleapplication1\consoleapplication1.cpp(219): warning C4293: '<<': shift count negative or too big, undefined behavior
c:\users\snrt.admin\source\repos\consoleapplication1\consoleapplication1\consoleapplication1.cpp(220): warning C4293: '<<': shift count negative or too big, undefined behavior
c:\users\snrt.admin\source\repos\consoleapplication1\consoleapplication1\consoleapplication1.cpp(221): warning C4293: '<<': shift count negative or too big, undefined behavior
c:\users\snrt.admin\source\repos\consoleapplication1\consoleapplication1\consoleapplication1.cpp(225): warning C4244: '=': conversion from 'INT64' to 'uint8_t', possible loss of data
c:\users\snrt.admin\source\repos\consoleapplication1\consoleapplication1\consoleapplication1.cpp(227): warning C4244: '=': conversion from '__int64' to 'uint8_t', possible loss of data
c:\users\snrt.admin\source\repos\consoleapplication1\consoleapplication1\consoleapplication1.cpp(228): warning C4244: '=': conversion from '__int64' to 'uint8_t', possible loss of data
c:\users\snrt.admin\source\repos\consoleapplication1\consoleapplication1\consoleapplication1.cpp(229): warning C4244: '=': conversion from '__int64' to 'uint8_t', possible loss of data
c:\users\snrt.admin\source\repos\consoleapplication1\consoleapplication1\consoleapplication1.cpp(253): warning C4244: '=': conversion from 'INT64' to 'uint8_t', possible loss of data
c:\users\snrt.admin\source\repos\consoleapplication1\consoleapplication1\consoleapplication1.cpp(300): warning C4244: '=': conversion from 'INT64' to 'uint8_t', possible loss of data
c:\users\snrt.admin\source\repos\consoleapplication1\consoleapplication1\consoleapplication1.cpp(302): warning C4244: '=': conversion from '__int64' to 'uint8_t', possible loss of data
c:\users\snrt.admin\source\repos\consoleapplication1\consoleapplication1\consoleapplication1.cpp(303): warning C4244: '=': conversion from '__int64' to 'uint8_t', possible loss of data
c:\users\snrt.admin\source\repos\consoleapplication1\consoleapplication1\consoleapplication1.cpp(304): warning C4244: '=': conversion from '__int64' to 'uint8_t', possible loss of data
c:\users\snrt.admin\source\repos\consoleapplication1\consoleapplication1\consoleapplication1.cpp(310): warning C4244: '=': conversion from 'INT64' to 'uint8_t', possible loss of data
c:\users\snrt.admin\source\repos\consoleapplication1\consoleapplication1\consoleapplication1.cpp(312): warning C4244: '=': conversion from '__int64' to 'uint8_t', possible loss of data
c:\users\snrt.admin\source\repos\consoleapplication1\consoleapplication1\consoleapplication1.cpp(313): warning C4244: '=': conversion from '__int64' to 'uint8_t', possible loss of data
c:\users\snrt.admin\source\repos\consoleapplication1\consoleapplication1\consoleapplication1.cpp(314): warning C4244: '=': conversion from '__int64' to 'uint8_t', possible loss of data
c:\users\snrt.admin\source\repos\consoleapplication1\consoleapplication1\consoleapplication1.cpp(255): warning C4477: 'printf' : format string '%i' requires an argument of type 'int', but variadic argument 3 has type 'uint8_t *'
c:\users\snrt.admin\source\repos\consoleapplication1\consoleapplication1\consoleapplication1.cpp(255): warning C4313: 'printf': '%i' in format string conflicts with argument 3 of type 'uint8_t *'
c:\users\snrt.admin\source\repos\consoleapplication1\consoleapplication1\consoleapplication1.cpp(356): warning C4101: 'counter': unreferenced local variable
c:\users\snrt.admin\source\repos\consoleapplication1\consoleapplication1\consoleapplication1.cpp(352): warning C4101: 'dwBytesWritten': unreferenced local variable
c:\users\snrt.admin\source\repos\consoleapplication1\consoleapplication1\consoleapplication1.cpp(351): warning C4101: 'hFile': unreferenced local variable
  ConsoleApplication1.vcxproj -> C:\Users\snrt.admin\source\repos\ConsoleApplication1\x64\Debug\ConsoleApplication1.exe
